<?xml version="1.0" encoding="UTF-8"?>
<!-- Generated by org.testng.reporters.JUnitReportReporter -->
<testsuite name="loginpage" tests="1" time="6.505" ignored="0" failures="0" timestamp="02 Sep 2019 14:00:09 GMT" skipped="0" hostname="MINHPHU" errors="0">
  <testcase name="main" time="6.505" classname="loginpage"/>
</testsuite> <!-- loginpage -->
