<?xml version="1.0" encoding="UTF-8"?>
<!-- Generated by org.testng.reporters.JUnitReportReporter -->
<testsuite name="modifypage" tests="1" time="12.452" ignored="0" failures="0" timestamp="23 Sep 2019 14:19:08 GMT" skipped="0" hostname="MINHPHU" errors="0">
  <testcase name="loginbyadmin" time="12.452" classname="modifypage"/>
</testsuite> <!-- modifypage -->
